This is pdfTeX, Version 3.141592653-2.6-1.40.22 (MiKTeX 21.3) (preloaded format=pdflatex 2021.6.17)  19 JUN 2021 19:21
entering extended mode
**"/home/josep/Documents/ETSII/PROGRAMACIÓN DE SISTEMAS/Trabajos/Asteroids with openGL/Latex/main.tex"
(/home/josep/Documents/ETSII/PROGRAMACIÓN DE SISTEMAS/Trabajos/Asteroids with openGL/Latex/main.tex
LaTeX2e <2021-06-01>
L3 programming layer <2021-06-01> (commonstuff.tex (/usr/local/share/miktex-texmf/tex/latex/base/article.cls
Document Class: article 2021/02/12 v1.4n Standard LaTeX document class
(/usr/local/share/miktex-texmf/tex/latex/base/size12.clo
File: size12.clo 2021/02/12 v1.4n Standard LaTeX file (size option)
)
\c@part=\count182
\c@section=\count183
\c@subsection=\count184
\c@subsubsection=\count185
\c@paragraph=\count186
\c@subparagraph=\count187
\c@figure=\count188
\c@table=\count189
\abovecaptionskip=\skip47
\belowcaptionskip=\skip48
\bibindent=\dimen138
) (/usr/local/share/miktex-texmf/tex/latex/base/inputenc.sty
Package: inputenc 2021/02/14 v1.3d Input encoding file
\inpenc@prehook=\toks16
\inpenc@posthook=\toks17
 (/home/josep/.miktex/texmfs/install/tex/latex/ucs/utf8x.def
File: utf8x.def 2004/10/17 UCS: Input encoding UTF-8
)) (/home/josep/.miktex/texmfs/install/tex/latex/ucs/ucs.sty
Package: ucs 2013/05/11 v2.2 UCS: Unicode input support
 (/home/josep/.miktex/texmfs/install/tex/latex/ucs/uni-global.def
File: uni-global.def 2013/05/13 UCS: Unicode global data
)
\uc@secondtry=\count190
\uc@combtoks=\toks18
\uc@combtoksb=\toks19
\uc@temptokena=\toks20
) (/usr/local/share/miktex-texmf/tex/generic/babel/babel.sty
Package: babel 2021/06/02 3.60 The Babel package
 (/usr/local/share/miktex-texmf/tex/generic/babel/babel.def
File: babel.def 2021/06/02 3.60 Babel common definitions
\babel@savecnt=\count191
\U@D=\dimen139
\l@unhyphenated=\language1
 (/usr/local/share/miktex-texmf/tex/generic/babel/txtbabel.def)
\bbl@readstream=\read2
)
\bbl@dirlevel=\count192

*************************************
* Local config file bblopts.cfg used
*
(/usr/local/share/miktex-texmf/tex/latex/arabi/bblopts.cfg
File: bblopts.cfg 2005/09/08 v0.1 add Arabic and Farsi to "declared" options of babel
) (/usr/local/share/miktex-texmf/tex/latex/babel-english/english.ldf
Language: english 2017/06/06 v3.3r English support from the babel system
) (/home/josep/.miktex/texmfs/install/tex/latex/babel-spanish/spanish.ldf
Language: spanish.ldf 2021/05/27 v5.0q Spanish support from the babel system


Package babel Warning: No hyphenation patterns were preloaded for
(babel)                the language 'Spanish' into the format.
(babel)                Please, configure your TeX system to add them and
(babel)                rebuild the format. Now I will use the patterns
(babel)                preloaded for \language=0 instead on input line 51.

\es@quottoks=\toks21
\es@quotdepth=\count193
Package babel Info: Making " an active character on input line 570.
Package babel Info: Making . an active character on input line 675.
Package babel Info: Making < an active character on input line 722.
Package babel Info: Making > an active character on input line 722.
)) (/usr/local/share/miktex-texmf/tex/latex/url/url.sty
\Urlmuskip=\muskip16
Package: url 2013/09/16  ver 3.4  Verb mode for urls, etc.
) (/usr/local/share/miktex-texmf/tex/latex/graphics/graphicx.sty
Package: graphicx 2020/12/05 v1.2c Enhanced LaTeX Graphics (DPC,SPQR)
 (/usr/local/share/miktex-texmf/tex/latex/graphics/keyval.sty
Package: keyval 2014/10/28 v1.15 key=value parser (DPC)
\KV@toks@=\toks22
) (/usr/local/share/miktex-texmf/tex/latex/graphics/graphics.sty
Package: graphics 2021/03/04 v1.4d Standard LaTeX Graphics (DPC,SPQR)
 (/usr/local/share/miktex-texmf/tex/latex/graphics/trig.sty
Package: trig 2016/01/03 v1.10 sin cos tan (DPC)
) (/usr/local/share/miktex-texmf/tex/latex/graphics-cfg/graphics.cfg
File: graphics.cfg 2016/06/04 v1.11 sample graphics configuration
)
Package graphics Info: Driver file: pdftex.def on input line 107.
 (/usr/local/share/miktex-texmf/tex/latex/graphics-def/pdftex.def
File: pdftex.def 2020/10/05 v1.2a Graphics/color driver for pdftex
))
\Gin@req@height=\dimen140
\Gin@req@width=\dimen141
) (/home/josep/.miktex/texmfs/install/tex/latex/wrapfig/wrapfig.sty
\wrapoverhang=\dimen142
\WF@size=\dimen143
\c@WF@wrappedlines=\count194
\WF@box=\box50
\WF@everypar=\toks23
Package: wrapfig 2003/01/31  v 3.6
) (/usr/local/share/miktex-texmf/tex/latex/amsmath/amsmath.sty
Package: amsmath 2021/04/20 v2.17j AMS math features
\@mathmargin=\skip49

For additional information on amsmath, use the `?' option.
(/usr/local/share/miktex-texmf/tex/latex/amsmath/amstext.sty
Package: amstext 2000/06/29 v2.01 AMS text
 (/usr/local/share/miktex-texmf/tex/latex/amsmath/amsgen.sty
File: amsgen.sty 1999/11/30 v2.0 generic functions
\@emptytoks=\toks24
\ex@=\dimen144
)) (/usr/local/share/miktex-texmf/tex/latex/amsmath/amsbsy.sty
Package: amsbsy 1999/11/29 v1.2d Bold Symbols
\pmbraise@=\dimen145
) (/usr/local/share/miktex-texmf/tex/latex/amsmath/amsopn.sty
Package: amsopn 2016/03/08 v2.02 operator names
)
\inf@bad=\count195
LaTeX Info: Redefining \frac on input line 234.
\uproot@=\count196
\leftroot@=\count197
LaTeX Info: Redefining \overline on input line 399.
\classnum@=\count198
\DOTSCASE@=\count199
LaTeX Info: Redefining \ldots on input line 496.
LaTeX Info: Redefining \dots on input line 499.
LaTeX Info: Redefining \cdots on input line 620.
\Mathstrutbox@=\box51
\strutbox@=\box52
\big@size=\dimen146
LaTeX Font Info:    Redeclaring font encoding OML on input line 743.
LaTeX Font Info:    Redeclaring font encoding OMS on input line 744.
\macc@depth=\count266
\c@MaxMatrixCols=\count267
\dotsspace@=\muskip17
\c@parentequation=\count268
\dspbrk@lvl=\count269
\tag@help=\toks25
\row@=\count270
\column@=\count271
\maxfields@=\count272
\andhelp@=\toks26
\eqnshift@=\dimen147
\alignsep@=\dimen148
\tagshift@=\dimen149
\tagwidth@=\dimen150
\totwidth@=\dimen151
\lineht@=\dimen152
\@envbody=\toks27
\multlinegap=\skip50
\multlinetaggap=\skip51
\mathdisplay@stack=\toks28
LaTeX Info: Redefining \[ on input line 2923.
LaTeX Info: Redefining \] on input line 2924.
) (/home/josep/.miktex/texmfs/install/tex/latex/mathtools/mathtools.sty
Package: mathtools 2021/04/12 v1.27 mathematical typesetting tools
 (/usr/local/share/miktex-texmf/tex/latex/tools/calc.sty
Package: calc 2017/05/25 v4.3 Infix arithmetic (KKT,FJ)
\calc@Acount=\count273
\calc@Bcount=\count274
\calc@Adimen=\dimen153
\calc@Bdimen=\dimen154
\calc@Askip=\skip52
\calc@Bskip=\skip53
LaTeX Info: Redefining \setlength on input line 80.
LaTeX Info: Redefining \addtolength on input line 81.
\calc@Ccount=\count275
\calc@Cskip=\skip54
) (/home/josep/.miktex/texmfs/install/tex/latex/mathtools/mhsetup.sty
Package: mhsetup 2021/03/18 v1.4 programming setup (MH)
)
LaTeX Info: Thecontrolsequence`\('isalreadyrobust on input line 130.
LaTeX Info: Thecontrolsequence`\)'isalreadyrobust on input line 130.
LaTeX Info: Thecontrolsequence`\['isalreadyrobust on input line 130.
LaTeX Info: Thecontrolsequence`\]'isalreadyrobust on input line 130.
\g_MT_multlinerow_int=\count276
\l_MT_multwidth_dim=\dimen155
\origjot=\skip55
\l_MT_shortvdotswithinadjustabove_dim=\dimen156
\l_MT_shortvdotswithinadjustbelow_dim=\dimen157
\l_MT_above_intertext_sep=\dimen158
\l_MT_below_intertext_sep=\dimen159
\l_MT_above_shortintertext_sep=\dimen160
\l_MT_below_shortintertext_sep=\dimen161
\xmathstrut@box=\box53
\xmathstrut@dim=\dimen162
) (/usr/local/share/miktex-texmf/tex/latex/amsfonts/amsfonts.sty
Package: amsfonts 2013/01/14 v3.01 Basic AMSFonts support
\symAMSa=\mathgroup4
\symAMSb=\mathgroup5
LaTeX Font Info:    Redeclaring math symbol \hbar on input line 98.
LaTeX Font Info:    Overwriting math alphabet `\mathfrak' in version `bold'
(Font)                  U/euf/m/n --> U/euf/b/n on input line 106.
) (/usr/local/share/miktex-texmf/tex/latex/amsfonts/amssymb.sty
Package: amssymb 2013/01/14 v3.01 AMS font symbols
) (/home/josep/.miktex/texmfs/install/tex/latex/caption/caption.sty
Package: caption 2020/10/26 v3.5g Customizing captions (AR)
 (/home/josep/.miktex/texmfs/install/tex/latex/caption/caption3.sty
Package: caption3 2020/10/21 v2.2e caption3 kernel (AR)
\captionmargin=\dimen163
\captionmargin@=\dimen164
\captionwidth=\dimen165
\caption@tempdima=\dimen166
\caption@indent=\dimen167
\caption@parindent=\dimen168
\caption@hangindent=\dimen169
Package caption Info: Standard document class detected.
)
\c@caption@flags=\count277
\c@continuedfloat=\count278
Package caption Info: wrapfig package is loaded.
) (/home/josep/.miktex/texmfs/install/tex/latex/diagbox/diagbox.sty
Package: diagbox 2020/02/09 v2.3 Making table heads with diagonal lines
 (/home/josep/.miktex/texmfs/install/tex/latex/pict2e/pict2e.sty
Package: pict2e 2020/09/30 v0.4b Improved picture commands (HjG,RN,JT)
 (/home/josep/.miktex/texmfs/install/tex/latex/pict2e/pict2e.cfg
File: pict2e.cfg 2016/02/05 v0.1u pict2e configuration for teTeX/TeXLive
)
Package pict2e Info: Driver file: pdftex.def on input line 112.
Package pict2e Info: Driver file for pict2e: p2e-pdftex.def on input line 114.
 (/home/josep/.miktex/texmfs/install/tex/latex/pict2e/p2e-pdftex.def
File: p2e-pdftex.def 2016/02/05 v0.1u Driver-dependant file (RN,HjG,JT)
)
\pIIe@GRAPH=\toks29
\@arclen=\dimen170
\@arcrad=\dimen171
\pIIe@tempdima=\dimen172
\pIIe@tempdimb=\dimen173
\pIIe@tempdimc=\dimen174
\pIIe@tempdimd=\dimen175
\pIIe@tempdime=\dimen176
\pIIe@tempdimf=\dimen177
) (/usr/local/share/miktex-texmf/tex/latex/tools/array.sty
Package: array 2021/04/20 v2.5e Tabular extension package (FMi)
\col@sep=\dimen178
\ar@mcellbox=\box54
\extrarowheight=\dimen179
\NC@list=\toks30
\extratabsurround=\skip56
\backup@length=\skip57
\ar@cellbox=\box55
)
\diagbox@boxa=\box56
\diagbox@boxb=\box57
\diagbox@boxm=\box58
\diagbox@wd=\dimen180
\diagbox@ht=\dimen181
\diagbox@insepl=\dimen182
\diagbox@insepr=\dimen183
\diagbox@outsepl=\dimen184
\diagbox@outsepr=\dimen185
) (/home/josep/.miktex/texmfs/install/tex/latex/cancel/cancel.sty
Package: cancel 2013/04/12 v2.2 Cancel math terms
) (/home/josep/.miktex/texmfs/install/tex/latex/enumitem/enumitem.sty
Package: enumitem 2019/06/20 v3.9 Customized lists
\labelindent=\skip58
\enit@outerparindent=\dimen186
\enit@toks=\toks31
\enit@inbox=\box59
\enit@count@id=\count279
\enitdp@description=\count280
) (/home/josep/.miktex/texmfs/install/tex/latex/float/float.sty
Package: float 2001/11/08 v1.3d Float enhancements (AL)
\c@float@type=\count281
\float@exts=\toks32
\float@box=\box60
\@float@everytoks=\toks33
\@floatcapt=\box61
) (/home/josep/.miktex/texmfs/install/tex/latex/setspace/setspace.sty
Package: setspace 2011/12/19 v6.7a set line spacing
) (/home/josep/.miktex/texmfs/install/tex/latex/subfigure/subfigure.sty
Package: subfigure 2002/07/30 v2.1.4 subfigure package
\subfigtopskip=\skip59
\subfigcapskip=\skip60
\subfigcaptopadj=\dimen187
\subfigbottomskip=\skip61
\subfigcapmargin=\dimen188
\subfiglabelskip=\skip62
\c@subfigure=\count282
\c@lofdepth=\count283
\c@subtable=\count284
\c@lotdepth=\count285

****************************************
* Local config file subfigure.cfg used *
****************************************
(/home/josep/.miktex/texmfs/install/tex/latex/subfigure/subfigure.cfg)
\subfig@top=\skip63
\subfig@bottom=\skip64
) (/home/josep/.miktex/texmfs/install/tex/latex/adjustbox/adjustbox.sty
Package: adjustbox 2020/08/19 v1.3 Adjusting TeX boxes (trim, clip, ...)
 (/usr/local/share/miktex-texmf/tex/latex/xkeyval/xkeyval.sty
Package: xkeyval 2020/11/20 v2.8 package option processing (HA)
 (/usr/local/share/miktex-texmf/tex/generic/xkeyval/xkeyval.tex (/usr/local/share/miktex-texmf/tex/generic/xkeyval/xkvutils.tex
\XKV@toks=\toks34
\XKV@tempa@toks=\toks35
)
\XKV@depth=\count286
File: xkeyval.tex 2014/12/03 v2.7a key=value parser (HA)
)) (/home/josep/.miktex/texmfs/install/tex/latex/adjustbox/adjcalc.sty
Package: adjcalc 2012/05/16 v1.1 Provides advanced setlength with multiple back-ends (calc, etex, pgfmath)
) (/home/josep/.miktex/texmfs/install/tex/latex/adjustbox/trimclip.sty
Package: trimclip 2020/08/19 v1.2 Trim and clip general TeX material
 (/home/josep/.miktex/texmfs/install/tex/latex/collectbox/collectbox.sty
Package: collectbox 2012/05/17 v0.4b Collect macro arguments as boxes
\collectedbox=\box62
)
\tc@llx=\dimen189
\tc@lly=\dimen190
\tc@urx=\dimen191
\tc@ury=\dimen192
Package trimclip Info: Using driver 'tc-pdftex.def'.
 (/home/josep/.miktex/texmfs/install/tex/latex/adjustbox/tc-pdftex.def
File: tc-pdftex.def 2019/01/04 v2.2 Clipping driver for pdftex
))
\adjbox@Width=\dimen193
\adjbox@Height=\dimen194
\adjbox@Depth=\dimen195
\adjbox@Totalheight=\dimen196
\adjbox@pwidth=\dimen197
\adjbox@pheight=\dimen198
\adjbox@pdepth=\dimen199
\adjbox@ptotalheight=\dimen256
 (/home/josep/.miktex/texmfs/install/tex/latex/ifoddpage/ifoddpage.sty
Package: ifoddpage 2016/04/23 v1.1 Conditionals for odd/even page detection
\c@checkoddpage=\count287
) (/home/josep/.miktex/texmfs/install/tex/latex/varwidth/varwidth.sty
Package: varwidth 2009/03/30 ver 0.92;  Variable-width minipages
\@vwid@box=\box63
\sift@deathcycles=\count288
\@vwid@loff=\dimen257
\@vwid@roff=\dimen258
)) (/home/josep/.miktex/texmfs/install/tex/latex/booktabs/booktabs.sty
Package: booktabs 2020/01/12 v1.61803398 Publication quality tables
\heavyrulewidth=\dimen259
\lightrulewidth=\dimen260
\cmidrulewidth=\dimen261
\belowrulesep=\dimen262
\belowbottomsep=\dimen263
\aboverulesep=\dimen264
\abovetopsep=\dimen265
\cmidrulesep=\dimen266
\cmidrulekern=\dimen267
\defaultaddspace=\dimen268
\@cmidla=\count289
\@cmidlb=\count290
\@aboverulesep=\dimen269
\@belowrulesep=\dimen270
\@thisruleclass=\count291
\@lastruleclass=\count292
\@thisrulewidth=\dimen271
) (/home/josep/.miktex/texmfs/install/tex/latex/multirow/bigstrut.sty
Package: bigstrut 2021/03/15 v2.8 Provide larger struts in tabulars
\bigstrutjot=\dimen272
) (/home/josep/.miktex/texmfs/install/tex/latex/multirow/multirow.sty
Package: multirow 2021/03/15 v2.8 Span multiple rows of a table
\multirow@colwidth=\skip65
\multirow@cntb=\count293
\multirow@dima=\skip66
) (/usr/local/share/miktex-texmf/tex/latex/tools/tabularx.sty
Package: tabularx 2020/01/15 v2.11c `tabularx' package (DPC)
\TX@col@width=\dimen273
\TX@old@table=\dimen274
\TX@old@col=\dimen275
\TX@target=\dimen276
\TX@delta=\dimen277
\TX@cols=\count294
\TX@ftn=\toks36
) (/home/josep/.miktex/texmfs/install/tex/latex/lipsum/lipsum.sty (/usr/local/share/miktex-texmf/tex/latex/l3kernel/expl3.sty
Package: expl3 2021-06-01 L3 programming layer (loader) 
 (/usr/local/share/miktex-texmf/tex/latex/l3backend/l3backend-pdftex.def
File: l3backend-pdftex.def 2021-05-07 L3 backend support: PDF output (pdfTeX)
\l__color_backend_stack_int=\count295
\l__pdf_internal_box=\box64
)) (/usr/local/share/miktex-texmf/tex/latex/l3packages/xparse/xparse.sty
Package: xparse 2021-06-01 L3 Experimental document command parser
)
Package: lipsum 2021-03-03 v2.3 150 paragraphs of Lorem Ipsum dummy text
 (/home/josep/.miktex/texmfs/install/tex/latex/lipsum/lipsum.ltd.tex
File: lipsum.ltd.tex 2021-03-03 v2.3 The Lorem ipsum dummy text
)) (/home/josep/.miktex/texmfs/install/tex/latex/sectsty/sectsty.sty
Package: sectsty 2002/02/25 v2.0.2 Commands to change all sectional heading styles


LaTeX Warning: Command \underbar  has changed.
               Check if current package is valid.


LaTeX Warning: Command \underline  has changed.
               Check if current package is valid.

) (/home/josep/.miktex/texmfs/install/tex/latex/titlesec/titlesec.sty
Package: titlesec 2019/10/16 v2.13 Sectioning titles
\ttl@box=\box65
\beforetitleunit=\skip67
\aftertitleunit=\skip68
\ttl@plus=\dimen278
\ttl@minus=\dimen279
\ttl@toksa=\toks37
\titlewidth=\dimen280
\titlewidthlast=\dimen281
\titlewidthfirst=\dimen282
) (/usr/local/share/miktex-texmf/tex/latex/graphics/lscape.sty
Package: lscape 2020/05/28 v3.02 Landscape Pages (DPC)
) (/home/josep/.miktex/texmfs/install/tex/latex/tabu/tabu.sty
Package: tabu 2019/01/11 v2.9 - flexible LaTeX tabulars (FC+tabu-fixed)
\c@taburow=\count296
\tabu@nbcols=\count297
\tabu@cnt=\count298
\tabu@Xcol=\count299
\tabu@alloc=\count300
\tabu@nested=\count301
\tabu@target=\dimen283
\tabu@spreadtarget=\dimen284
\tabu@naturalX=\dimen285
\tabucolX=\dimen286
\tabu@Xsum=\dimen287
\extrarowdepth=\dimen288
\abovetabulinesep=\dimen289
\belowtabulinesep=\dimen290
\tabustrutrule=\dimen291
\tabu@thebody=\toks38
\tabu@footnotes=\toks39
\tabu@box=\box66
\tabu@arstrutbox=\box67
\tabu@hleads=\box68
\tabu@vleads=\box69
\tabu@cellskip=\skip69
) (/usr/local/share/miktex-texmf/tex/latex/xcolor/xcolor.sty
Package: xcolor 2016/05/11 v2.12 LaTeX color extensions (UK)
 (/usr/local/share/miktex-texmf/tex/latex/graphics-cfg/color.cfg
File: color.cfg 2016/01/02 v1.6 sample color configuration
)
Package xcolor Info: Driver file: pdftex.def on input line 225.
Package xcolor Info: Model `cmy' substituted by `cmy0' on input line 1348.
Package xcolor Info: Model `hsb' substituted by `rgb' on input line 1352.
Package xcolor Info: Model `RGB' extended on input line 1364.
Package xcolor Info: Model `HTML' substituted by `rgb' on input line 1366.
Package xcolor Info: Model `Hsb' substituted by `hsb' on input line 1367.
Package xcolor Info: Model `tHsb' substituted by `hsb' on input line 1368.
Package xcolor Info: Model `HSB' substituted by `hsb' on input line 1369.
Package xcolor Info: Model `Gray' substituted by `gray' on input line 1370.
Package xcolor Info: Model `wave' substituted by `hsb' on input line 1371.
) (/usr/local/share/miktex-texmf/tex/latex/hyperref/hyperref.sty
Package: hyperref 2021-06-07 v7.00m Hypertext links for LaTeX
 (/home/josep/.miktex/texmfs/install/tex/generic/ltxcmds/ltxcmds.sty
Package: ltxcmds 2020-05-10 v1.25 LaTeX kernel commands for general use (HO)
) (/usr/local/share/miktex-texmf/tex/generic/iftex/iftex.sty
Package: iftex 2020/03/06 v1.0d TeX engine tests
) (/usr/local/share/miktex-texmf/tex/generic/pdftexcmds/pdftexcmds.sty
Package: pdftexcmds 2020-06-27 v0.33 Utility functions of pdfTeX for LuaTeX (HO)
 (/home/josep/.miktex/texmfs/install/tex/generic/infwarerr/infwarerr.sty
Package: infwarerr 2019/12/03 v1.5 Providing info/warning/error messages (HO)
)
Package pdftexcmds Info: \pdf@primitive is available.
Package pdftexcmds Info: \pdf@ifprimitive is available.
Package pdftexcmds Info: \pdfdraftmode found.
) (/home/josep/.miktex/texmfs/install/tex/generic/kvsetkeys/kvsetkeys.sty
Package: kvsetkeys 2019/12/15 v1.18 Key value parser (HO)
) (/home/josep/.miktex/texmfs/install/tex/generic/kvdefinekeys/kvdefinekeys.sty
Package: kvdefinekeys 2019-12-19 v1.6 Define keys (HO)
) (/home/josep/.miktex/texmfs/install/tex/generic/pdfescape/pdfescape.sty
Package: pdfescape 2019/12/09 v1.15 Implements pdfTeX's escape features (HO)
) (/home/josep/.miktex/texmfs/install/tex/latex/hycolor/hycolor.sty
Package: hycolor 2020-01-27 v1.10 Color options for hyperref/bookmark (HO)
) (/home/josep/.miktex/texmfs/install/tex/latex/letltxmacro/letltxmacro.sty
Package: letltxmacro 2019/12/03 v1.6 Let assignment for LaTeX macros (HO)
) (/home/josep/.miktex/texmfs/install/tex/latex/auxhook/auxhook.sty
Package: auxhook 2019-12-17 v1.6 Hooks for auxiliary files (HO)
) (/home/josep/.miktex/texmfs/install/tex/latex/kvoptions/kvoptions.sty
Package: kvoptions 2020-10-07 v3.14 Key value format for package options (HO)
)
\@linkdim=\dimen292
\Hy@linkcounter=\count302
\Hy@pagecounter=\count303
 (/usr/local/share/miktex-texmf/tex/latex/hyperref/pd1enc.def
File: pd1enc.def 2021-06-07 v7.00m Hyperref: PDFDocEncoding definition (HO)
) (/usr/local/share/miktex-texmf/tex/latex/hyperref/hyperref-langpatches.def
File: hyperref-langpatches.def 2021-06-07 v7.00m Hyperref: patches for babel languages
) (/home/josep/.miktex/texmfs/install/tex/generic/intcalc/intcalc.sty
Package: intcalc 2019/12/15 v1.3 Expandable calculations with integers (HO)
) (/home/josep/.miktex/texmfs/install/tex/generic/etexcmds/etexcmds.sty
Package: etexcmds 2019/12/15 v1.7 Avoid name clashes with e-TeX commands (HO)
)
\Hy@SavedSpaceFactor=\count304
 (/usr/local/share/miktex-texmf/tex/latex/hyperref/puenc.def
File: puenc.def 2021-06-07 v7.00m Hyperref: PDF Unicode definition (HO)
)
Package hyperref Info: Hyper figures OFF on input line 4192.
Package hyperref Info: Link nesting OFF on input line 4197.
Package hyperref Info: Hyper index ON on input line 4200.
Package hyperref Info: Plain pages OFF on input line 4207.
Package hyperref Info: Backreferencing OFF on input line 4212.
Package hyperref Info: Implicit mode ON; LaTeX internals redefined.
Package hyperref Info: Bookmarks ON on input line 4445.
\c@Hy@tempcnt=\count305
LaTeX Info: Redefining \url on input line 4804.
\XeTeXLinkMargin=\dimen293
 (/home/josep/.miktex/texmfs/install/tex/generic/bitset/bitset.sty
Package: bitset 2019/12/09 v1.3 Handle bit-vector datatype (HO)
 (/home/josep/.miktex/texmfs/install/tex/generic/bigintcalc/bigintcalc.sty
Package: bigintcalc 2019/12/15 v1.5 Expandable calculations on big integers (HO)
))
\Fld@menulength=\count306
\Field@Width=\dimen294
\Fld@charsize=\dimen295
Package hyperref Info: Hyper figures OFF on input line 6076.
Package hyperref Info: Link nesting OFF on input line 6081.
Package hyperref Info: Hyper index ON on input line 6084.
Package hyperref Info: backreferencing OFF on input line 6091.
Package hyperref Info: Link coloring OFF on input line 6096.
Package hyperref Info: Link coloring with OCG OFF on input line 6101.
Package hyperref Info: PDF/A mode OFF on input line 6106.
LaTeX Info: Redefining \ref on input line 6146.
LaTeX Info: Redefining \pageref on input line 6150.
 (/usr/local/share/miktex-texmf/tex/latex/base/atbegshi-ltx.sty
Package: atbegshi-ltx 2021/01/10 v1.0c Emulation of the original atbegshi
package with kernel methods
)
\Hy@abspage=\count307
\c@Item=\count308
\c@Hfootnote=\count309
)
Package hyperref Info: Driver (autodetected): hpdftex.
 (/usr/local/share/miktex-texmf/tex/latex/hyperref/hpdftex.def
File: hpdftex.def 2021-06-07 v7.00m Hyperref driver for pdfTeX
 (/usr/local/share/miktex-texmf/tex/latex/base/atveryend-ltx.sty
Package: atveryend-ltx 2020/08/19 v1.0a Emulation of the original atvery package
with kernel methods
)
\Fld@listcount=\count310
\c@bookmark@seq@number=\count311
 (/home/josep/.miktex/texmfs/install/tex/latex/rerunfilecheck/rerunfilecheck.sty
Package: rerunfilecheck 2019/12/05 v1.9 Rerun checks for auxiliary files (HO)
 (/home/josep/.miktex/texmfs/install/tex/generic/uniquecounter/uniquecounter.sty
Package: uniquecounter 2019/12/15 v1.4 Provide unlimited unique counter (HO)
)
Package uniquecounter Info: New unique counter `rerunfilecheck' on input line 286.
)
\Hy@SectionHShift=\skip70
)
Package hyperref Info: Option `colorlinks' set `true' on input line 55.
 (/usr/local/share/miktex-texmf/tex/latex/listings/listings.sty
\lst@mode=\count312
\lst@gtempboxa=\box70
\lst@token=\toks40
\lst@length=\count313
\lst@currlwidth=\dimen296
\lst@column=\count314
\lst@pos=\count315
\lst@lostspace=\dimen297
\lst@width=\dimen298
\lst@newlines=\count316
\lst@lineno=\count317
\lst@maxwidth=\dimen299
 (/usr/local/share/miktex-texmf/tex/latex/listings/lstmisc.sty
File: lstmisc.sty 2020/03/24 1.8d (Carsten Heinz)
\c@lstnumber=\count318
\lst@skipnumbers=\count319
\lst@framebox=\box71
) (/usr/local/share/miktex-texmf/tex/latex/listings/listings.cfg
File: listings.cfg 2020/03/24 1.8d listings configuration
))
Package: listings 2020/03/24 1.8d (Carsten Heinz)
 (/home/josep/.miktex/texmfs/install/tex/latex/listing/listing.sty
Package: listing 1999/05/25

Package `listing', V1.2, <1999/05/25>
\c@listing=\count320
) (/home/josep/.miktex/texmfs/install/tex/latex/fancyvrb/fancyvrb.sty
Package: fancyvrb 2021/01/20 v3.7 verbatim text (tvz,hv)
\FV@CodeLineNo=\count321
\FV@InFile=\read3
\FV@TabBox=\box72
\c@FancyVerbLine=\count322
\FV@StepNumber=\count323
\FV@OutFile=\write3
) (/home/josep/.miktex/texmfs/install/tex/latex/fvextra/fvextra.sty
Package: fvextra 2019/02/04 v1.4 fvextra - extensions and patches for fancyvrb
 (/usr/local/share/miktex-texmf/tex/latex/base/ifthen.sty
Package: ifthen 2020/11/24 v1.1c Standard LaTeX ifthen package (DPC)
) (/usr/local/share/miktex-texmf/tex/latex/etoolbox/etoolbox.sty
Package: etoolbox 2020/10/05 v2.5k e-TeX tools for LaTeX (JAW)
\etb@tempcnta=\count324
) (/home/josep/.miktex/texmfs/install/tex/latex/upquote/upquote.sty
Package: upquote 2012/04/19 v1.3 upright-quote and grave-accent glyphs in verbatim
) (/home/josep/.miktex/texmfs/install/tex/latex/lineno/lineno.sty
Package: lineno 2005/11/02 line numbers on paragraphs v4.41
\linenopenalty=\count325
\output=\toks41
\linenoprevgraf=\count326
\linenumbersep=\dimen300
\linenumberwidth=\dimen301
\c@linenumber=\count327
\c@pagewiselinenumber=\count328
\c@LN@truepage=\count329
\c@internallinenumber=\count330
\c@internallinenumbers=\count331
\quotelinenumbersep=\dimen302
\bframerule=\dimen303
\bframesep=\dimen304
\bframebox=\box73
LaTeX Info: Redefining \\ on input line 3056.
)
\c@FV@TrueTabGroupLevel=\count332
\c@FV@TrueTabCounter=\count333
\FV@TabBox@Group=\box74
\FV@TmpLength=\skip71
\c@FV@HighlightLinesStart=\count334
\c@FV@HighlightLinesStop=\count335
\FV@LoopCount=\count336
\FV@NCharsBox=\box75
\FV@BreakIndent=\dimen305
\FV@BreakIndentNChars=\count337
\FV@BreakSymbolSepLeft=\dimen306
\FV@BreakSymbolSepLeftNChars=\count338
\FV@BreakSymbolSepRight=\dimen307
\FV@BreakSymbolSepRightNChars=\count339
\FV@BreakSymbolIndentLeft=\dimen308
\FV@BreakSymbolIndentLeftNChars=\count340
\FV@BreakSymbolIndentRight=\dimen309
\FV@BreakSymbolIndentRightNChars=\count341
\c@FancyVerbLineBreakLast=\count342
\FV@LineBox=\box76
\FV@LineIndentBox=\box77
\FV@LineWidth=\dimen310
) (/home/josep/.miktex/texmfs/install/tex/latex/ifplatform/ifplatform.sty
Package: ifplatform 2017/10/13 v0.4a Testing for the operating system
 (/usr/local/share/miktex-texmf/tex/latex/tools/shellesc.sty
Package: shellesc 2019/11/08 v1.0c unified shell escape interface for LaTeX
Package shellesc Info: Restricted shell escape enabled on input line 77.
) (/home/josep/.miktex/texmfs/install/tex/generic/catchfile/catchfile.sty
Package: catchfile 2019/12/09 v1.8 Catch the contents of a file (HO)
) (/usr/local/share/miktex-texmf/tex/generic/iftex/ifluatex.sty
Package: ifluatex 2019/10/25 v1.5 ifluatex legacy package. Use iftex instead.
)

Package ifplatform Warning: 
    shell escape is disabled, so I can only detect \ifwindows.

) (/home/josep/.miktex/texmfs/install/tex/latex/xstring/xstring.sty (/home/josep/.miktex/texmfs/install/tex/generic/xstring/xstring.tex
\integerpart=\count343
\decimalpart=\count344
)
Package: xstring 2019/02/06 v1.83 String manipulations (CT)
) (/home/josep/.miktex/texmfs/install/tex/latex/framed/framed.sty
Package: framed 2011/10/22 v 0.96: framed or shaded text with page breaks
\OuterFrameSep=\skip72
\fb@frw=\dimen311
\fb@frh=\dimen312
\FrameRule=\dimen313
\FrameSep=\dimen314
) (/home/josep/.miktex/texmfs/install/tex/latex/geometry/geometry.sty
Package: geometry 2020/01/02 v5.9 Page Geometry
 (/usr/local/share/miktex-texmf/tex/generic/iftex/ifvtex.sty
Package: ifvtex 2019/10/25 v1.7 ifvtex legacy package. Use iftex instead.
)
\Gm@cnth=\count345
\Gm@cntv=\count346
\c@Gm@tempcnt=\count347
\Gm@bindingoffset=\dimen315
\Gm@wd@mp=\dimen316
\Gm@odd@mp=\dimen317
\Gm@even@mp=\dimen318
\Gm@layoutwidth=\dimen319
\Gm@layoutheight=\dimen320
\Gm@layouthoffset=\dimen321
\Gm@layoutvoffset=\dimen322
\Gm@dimlist=\toks42
 (/home/josep/.miktex/texmfs/install/tex/latex/geometry/geometry.cfg))) (main.aux
LaTeX Info: Redefining \. on input line 26.
LaTeX Info: Redefining \% on input line 26.
)
\openout1 = `main.aux'.

LaTeX Font Info:    Checking defaults for OML/cmm/m/it on input line 3.
LaTeX Font Info:    ... okay on input line 3.
LaTeX Font Info:    Checking defaults for OMS/cmsy/m/n on input line 3.
LaTeX Font Info:    ... okay on input line 3.
LaTeX Font Info:    Checking defaults for OT1/cmr/m/n on input line 3.
LaTeX Font Info:    ... okay on input line 3.
LaTeX Font Info:    Checking defaults for T1/cmr/m/n on input line 3.
LaTeX Font Info:    ... okay on input line 3.
LaTeX Font Info:    Checking defaults for TS1/cmr/m/n on input line 3.
LaTeX Font Info:    ... okay on input line 3.
LaTeX Font Info:    Checking defaults for OMX/cmex/m/n on input line 3.
LaTeX Font Info:    ... okay on input line 3.
LaTeX Font Info:    Checking defaults for U/cmr/m/n on input line 3.
LaTeX Font Info:    ... okay on input line 3.
LaTeX Font Info:    Checking defaults for PD1/pdf/m/n on input line 3.
LaTeX Font Info:    ... okay on input line 3.
LaTeX Font Info:    Checking defaults for PU/pdf/m/n on input line 3.
LaTeX Font Info:    ... okay on input line 3.
 (/home/josep/.miktex/texmfs/install/tex/latex/ucs/ucsencs.def
File: ucsencs.def 2011/01/21 Fixes to fontencodings LGR, T3
)
LaTeX Info: Redefining \. on input line 3.
LaTeX Info: Redefining \% on input line 3.
 (/usr/local/share/miktex-texmf/tex/context/base/mkii/supp-pdf.mkii
[Loading MPS to PDF converter (version 2006.09.02).]
\scratchcounter=\count348
\scratchdimen=\dimen323
\scratchbox=\box78
\nofMPsegments=\count349
\nofMParguments=\count350
\everyMPshowfont=\toks43
\MPscratchCnt=\count351
\MPscratchDim=\dimen324
\MPnumerator=\count352
\makeMPintoPDFobject=\count353
\everyMPtoPDFconversion=\toks44
) (/usr/local/share/miktex-texmf/tex/latex/epstopdf-pkg/epstopdf-base.sty
Package: epstopdf-base 2020-01-24 v2.11 Base part for package epstopdf
Package epstopdf-base Info: Redefining graphics rule for `.eps' on input line 485.
 (/usr/local/share/miktex-texmf/tex/latex/00miktex/epstopdf-sys.cfg
File: epstopdf-sys.cfg 2021/03/18 v2.0 Configuration of epstopdf for MiKTeX
))
Package caption Info: Begin \AtBeginDocument code.
Package caption Info: float package is loaded.
Package caption Info: hyperref package is loaded.
Package caption Info: listings package is loaded.
Package caption Info: subfigure package is loaded.
Package caption Info: End \AtBeginDocument code.
Package hyperref Info: Link coloring ON on input line 3.
 (/usr/local/share/miktex-texmf/tex/latex/hyperref/nameref.sty
Package: nameref 2021-04-02 v2.47 Cross-referencing by name of section
 (/home/josep/.miktex/texmfs/install/tex/latex/refcount/refcount.sty
Package: refcount 2019/12/15 v3.6 Data extraction from label references (HO)
) (/home/josep/.miktex/texmfs/install/tex/generic/gettitlestring/gettitlestring.sty
Package: gettitlestring 2019/12/15 v1.6 Cleanup title references (HO)
)
\c@section@level=\count354
)
LaTeX Info: Redefining \ref on input line 3.
LaTeX Info: Redefining \pageref on input line 3.
LaTeX Info: Redefining \nameref on input line 3.
 (main.out) (main.out)
\@outlinefile=\write4
\openout4 = `main.out'.

 (/usr/local/share/miktex-texmf/tex/latex/base/textcomp.sty
Package: textcomp 2020/02/02 v2.0n Standard LaTeX package
)
\c@lstlisting=\count355

*geometry* driver: auto-detecting
*geometry* detected driver: pdftex
*geometry* verbose mode - [ preamble ] result:
* driver: pdftex
* paper: a4paper
* layout: <same size as paper>
* layoutoffset:(h,v)=(0.0pt,0.0pt)
* modes: 
* h-part:(L,W,R)=(85.35826pt, 426.79135pt, 85.35826pt)
* v-part:(T,H,B)=(71.13188pt, 702.78308pt, 71.13188pt)
* \paperwidth=597.50787pt
* \paperheight=845.04684pt
* \textwidth=426.79135pt
* \textheight=702.78308pt
* \oddsidemargin=13.08827pt
* \evensidemargin=13.08827pt
* \topmargin=-38.1381pt
* \headheight=12.0pt
* \headsep=25.0pt
* \topskip=12.0pt
* \footskip=30.0pt
* \marginparwidth=35.0pt
* \marginparsep=10.0pt
* \columnsep=10.0pt
* \skip\footins=10.8pt plus 4.0pt minus 2.0pt
* \hoffset=0.0pt
* \voffset=0.0pt
* \mag=1000
* \@twocolumnfalse
* \@twosidefalse
* \@mparswitchfalse
* \@reversemarginfalse
* (1in=72.27pt=25.4mm, 1cm=28.453pt)

<fotos/Logo_azul.png, id=39, 414.04688pt x 350.81062pt>
File: fotos/Logo_azul.png Graphic file (type png)
<use fotos/Logo_azul.png>
Package pdftex.def Info: fotos/Logo_azul.png  used on input line 7.
(pdftex.def)             Requested size: 128.0387pt x 108.48251pt.
(/home/josep/.miktex/texmfs/install/tex/latex/ucs/uni-0.def
File: uni-0.def 2013/05/13 UCS: Unicode data U+0000..U+00FF
)
LaTeX Font Info:    Trying to load font information for U+msa on input line 27.
 (/usr/local/share/miktex-texmf/tex/latex/amsfonts/umsa.fd
File: umsa.fd 2013/01/14 v3.01 AMS symbols A
)
LaTeX Font Info:    Trying to load font information for U+msb on input line 27.
 (/usr/local/share/miktex-texmf/tex/latex/amsfonts/umsb.fd
File: umsb.fd 2013/01/14 v3.01 AMS symbols B
) [1

{/home/josep/.miktex/texmfs/data/pdftex/config/pdftex.map} <./fotos/Logo_azul.png>] (1_Resumen.tex) (main.toc
LaTeX Info: Redefining \. on input line 1.
LaTeX Info: Redefining \% on input line 1.
)
\tf@toc=\write5
\openout5 = `main.toc'.

 (2_Introduccion.texpdfTeX warning (ext4): destination with the same identifier (name{page.1}) has been already used, duplicate ignored
<to be read again> 
                   \relax 
l.13     \item A
                juste del sistema de puntuaciones. [1]) (3_Diagramas.tex
<fotos/UML.PNG, id=68, 546.54187pt x 441.90094pt>
File: fotos/UML.PNG Graphic file (type png)
<use fotos/UML.PNG>
Package pdftex.def Info: fotos/UML.PNG  used on input line 7.
(pdftex.def)             Requested size: 426.79135pt x 345.07916pt.
 [2 <./fotos/UML.PNG>]
<fotos/asteroid.png, id=81, 1285.80376pt x 371.88937pt>
File: fotos/asteroid.png Graphic file (type png)
<use fotos/asteroid.png>
Package pdftex.def Info: fotos/asteroid.png  used on input line 20.
(pdftex.def)             Requested size: 426.79135pt x 123.43886pt.
)
Overfull \hbox (8.94983pt too wide) in paragraph at lines 25--73
\OT1/cmr/m/sc/12 NUMASTEROIDS \OT1/cmr/m/n/12 definido en \OT1/cmr/m/it/12 commonstuff.hpp\OT1/cmr/m/n/12 . Los asteroides son inmediatamente
 []

(4_Funciones.tex) (5_Pruebas.tex [3 <./fotos/asteroid.png (PNG copy)>]) (6_GuiaDeUso.tex) (7_Roles.tex) (8_Evaluacion.tex) (main.bbl) [4] (main.aux
LaTeX Info: Redefining \. on input line 26.
LaTeX Info: Redefining \% on input line 26.
)
Package rerunfilecheck Info: File `main.out' has not changed.
(rerunfilecheck)             Checksum: 6BCD3335EA3D810BE29B818E6B5D461C;1471.
 ) 
Here is how much of TeX's memory you used:
 20569 strings out of 480799
 315095 string characters out of 2900780
 760257 words of memory out of 3000000
 37823 multiletter control sequences out of 15000+600000
 416025 words of font info for 72 fonts, out of 8000000 for 9000
 0 hyphenation exceptions out of 8191
 65i,6n,70p,1111b,586s stack positions out of 5000i,500n,10000p,200000b,80000s
 </home/josep/.miktex/texmfs/data/fonts/pk/ljfour/jknappen/ec/dpi600/tcrm0800.pk></usr/local/share/miktex-texmf/fonts/type1/public/amsfonts/cm/cmbx10.pfb></usr/local/share/miktex-texmf/fonts/type1/public/amsfonts/cm/cmbx12.pfb></usr/local/share/miktex-texmf/fonts/type1/public/amsfonts/cm/cmbxti10.pfb></usr/local/share/miktex-texmf/fonts/type1/public/amsfonts/cm/cmcsc10.pfb></usr/local/share/miktex-texmf/fonts/type1/public/amsfonts/cm/cmmi12.pfb></usr/local/share/miktex-texmf/fonts/type1/public/amsfonts/cm/cmmi8.pfb></usr/local/share/miktex-texmf/fonts/type1/public/amsfonts/cm/cmr10.pfb></usr/local/share/miktex-texmf/fonts/type1/public/amsfonts/cm/cmr12.pfb></usr/local/share/miktex-texmf/fonts/type1/public/amsfonts/cm/cmr17.pfb></usr/local/share/miktex-texmf/fonts/type1/public/amsfonts/cm/cmssbx10.pfb></usr/local/share/miktex-texmf/fonts/type1/public/amsfonts/cm/cmsy10.pfb></usr/local/share/miktex-texmf/fonts/type1/public/amsfonts/cm/cmti10.pfb></usr/local/share/miktex-texmf/fonts/type1/public/amsfonts/cm/cmti12.pfb>
Output written on main.pdf (5 pages, 406171 bytes).
PDF statistics:
 157 PDF objects out of 1000 (max. 8388607)
 17 named destinations out of 1000 (max. 500000)
 88 words of extra memory for PDF output out of 10000 (max. 10000000)

